<?xml version="1.0" encoding="UTF-8"?>
<!-- Generated by org.testng.reporters.JUnitReportReporter -->
<testsuite hostname="jai-sri-ram" name="com.app.testcases.DataProviderTest" tests="10" failures="0" timestamp="10 Aug 2016 21:36:42 GMT" time="0.251" errors="0">
  <testcase name="test" time="0.007" classname="com.app.testcases.DataProviderTest"/>
  <testcase name="test" time="0.026" classname="com.app.testcases.DataProviderTest"/>
  <testcase name="test" time="0.006" classname="com.app.testcases.DataProviderTest"/>
  <testcase name="test" time="0.012" classname="com.app.testcases.DataProviderTest"/>
  <testcase name="test" time="0.011" classname="com.app.testcases.DataProviderTest"/>
  <testcase name="test" time="0.137" classname="com.app.testcases.DataProviderTest"/>
  <testcase name="test" time="0.011" classname="com.app.testcases.DataProviderTest"/>
  <testcase name="test" time="0.010" classname="com.app.testcases.DataProviderTest"/>
  <testcase name="test" time="0.005" classname="com.app.testcases.DataProviderTest"/>
  <testcase name="test" time="0.026" classname="com.app.testcases.DataProviderTest"/>
</testsuite> <!-- com.app.testcases.DataProviderTest -->
